<?xml version="1.0" encoding="UTF-8"?>
<testng-results skipped="0" failed="0" ignored="0" total="2" passed="2">
  <reporter-output>
  </reporter-output>
  <suite name="Default suite" duration-ms="29949" started-at="2021-03-05T00:23:31 IST" finished-at="2021-03-05T00:24:01 IST">
    <groups>
    </groups>
    <test name="Default test" duration-ms="29949" started-at="2021-03-05T00:23:31 IST" finished-at="2021-03-05T00:24:01 IST">
      <class name="tests.SanityBuyProduct">
        <test-method status="PASS" signature="beforeClass()[pri:0, instance:tests.SanityBuyProduct@3701eaf6]" name="beforeClass" is-config="true" duration-ms="15777" started-at="2021-03-05T00:23:32 IST" finished-at="2021-03-05T00:23:47 IST">
          <reporter-output>
          </reporter-output>
        </test-method> <!-- beforeClass -->
        <test-method status="PASS" signature="beforeMethod(java.lang.reflect.Method)[pri:0, instance:tests.SanityBuyProduct@3701eaf6]" name="beforeMethod" is-config="true" duration-ms="7" started-at="2021-03-05T00:23:47 IST" finished-at="2021-03-05T00:23:47 IST">
          <params>
            <param index="0">
              <value>
                <![CDATA[public void tests.SanityBuyProduct.searchProduct() throws java.lang.InterruptedException,java.io.IOException]]>
              </value>
            </param>
          </params>
          <reporter-output>
          </reporter-output>
        </test-method> <!-- beforeMethod -->
        <test-method status="PASS" signature="searchProduct()[pri:1, instance:tests.SanityBuyProduct@3701eaf6]" name="searchProduct" duration-ms="7119" started-at="2021-03-05T00:23:47 IST" description="verify date" finished-at="2021-03-05T00:23:54 IST">
          <reporter-output>
          </reporter-output>
        </test-method> <!-- searchProduct -->
        <test-method status="PASS" signature="afterMethod(org.testng.ITestResult)[pri:0, instance:tests.SanityBuyProduct@3701eaf6]" name="afterMethod" is-config="true" duration-ms="467" started-at="2021-03-05T00:23:54 IST" finished-at="2021-03-05T00:23:55 IST">
          <params>
            <param index="0">
              <value>
                <![CDATA[[TestResult name=searchProduct status=SUCCESS method=SanityBuyProduct.searchProduct()[pri:1, instance:tests.SanityBuyProduct@3701eaf6] output={null}]]]>
              </value>
            </param>
          </params>
          <reporter-output>
          </reporter-output>
        </test-method> <!-- afterMethod -->
        <test-method status="PASS" signature="beforeMethod(java.lang.reflect.Method)[pri:0, instance:tests.SanityBuyProduct@3701eaf6]" name="beforeMethod" is-config="true" duration-ms="0" started-at="2021-03-05T00:23:55 IST" finished-at="2021-03-05T00:23:55 IST">
          <params>
            <param index="0">
              <value>
                <![CDATA[public void tests.SanityBuyProduct.getIntoProduct() throws java.lang.InterruptedException,java.io.IOException]]>
              </value>
            </param>
          </params>
          <reporter-output>
          </reporter-output>
        </test-method> <!-- beforeMethod -->
        <test-method status="PASS" signature="getIntoProduct()[pri:2, instance:tests.SanityBuyProduct@3701eaf6]" name="getIntoProduct" duration-ms="4574" started-at="2021-03-05T00:23:55 IST" description="verify date" finished-at="2021-03-05T00:23:59 IST">
          <reporter-output>
          </reporter-output>
        </test-method> <!-- getIntoProduct -->
        <test-method status="PASS" signature="afterMethod(org.testng.ITestResult)[pri:0, instance:tests.SanityBuyProduct@3701eaf6]" name="afterMethod" is-config="true" duration-ms="416" started-at="2021-03-05T00:23:59 IST" finished-at="2021-03-05T00:24:00 IST">
          <params>
            <param index="0">
              <value>
                <![CDATA[[TestResult name=getIntoProduct status=SUCCESS method=SanityBuyProduct.getIntoProduct()[pri:2, instance:tests.SanityBuyProduct@3701eaf6] output={null}]]]>
              </value>
            </param>
          </params>
          <reporter-output>
          </reporter-output>
        </test-method> <!-- afterMethod -->
        <test-method status="PASS" signature="afterClass()[pri:0, instance:tests.SanityBuyProduct@3701eaf6]" name="afterClass" is-config="true" duration-ms="1501" started-at="2021-03-05T00:24:00 IST" finished-at="2021-03-05T00:24:01 IST">
          <reporter-output>
          </reporter-output>
        </test-method> <!-- afterClass -->
      </class> <!-- tests.SanityBuyProduct -->
    </test> <!-- Default test -->
  </suite> <!-- Default suite -->
</testng-results>
